[error] Failed to fetch Firebase Project from Studio Workspace because WORKSPACE_SLUG environment variable is empty
[error] Failed to fetch Firebase Project from Studio Workspace because WORKSPACE_SLUG environment variable is empty
[error] Failed to fetch Firebase Project from Studio Workspace because WORKSPACE_SLUG environment variable is empty
[error] Failed to fetch Firebase Project from Studio Workspace because WORKSPACE_SLUG environment variable is empty
[debug] [2025-12-30T15:21:14.341Z] > command requires scopes: ["email","openid","https://www.googleapis.com/auth/cloudplatformprojects.readonly","https://www.googleapis.com/auth/firebase","https://www.googleapis.com/auth/cloud-platform","https://www.googleapis.com/auth/userinfo.email"]
[debug] [2025-12-30T15:21:14.344Z] > command requires scopes: ["email","openid","https://www.googleapis.com/auth/cloudplatformprojects.readonly","https://www.googleapis.com/auth/firebase","https://www.googleapis.com/auth/cloud-platform","https://www.googleapis.com/auth/userinfo.email"]
[debug] [2025-12-30T15:21:59.551Z] Running auto auth
[debug] [2025-12-30T15:21:59.552Z] Running auto auth
[error] Failed to fetch Firebase Project from Studio Workspace because WORKSPACE_SLUG environment variable is empty
[error] Failed to fetch Firebase Project from Studio Workspace because WORKSPACE_SLUG environment variable is empty
[error] Failed to fetch Firebase Project from Studio Workspace because WORKSPACE_SLUG environment variable is empty
[debug] [2025-12-30T15:22:00.759Z] > command requires scopes: ["email","openid","https://www.googleapis.com/auth/cloudplatformprojects.readonly","https://www.googleapis.com/auth/firebase","https://www.googleapis.com/auth/cloud-platform","https://www.googleapis.com/auth/userinfo.email"]
[debug] [2025-12-30T15:22:00.760Z] > authorizing via signed-in user (degraff.tim@gmail.com)
[error] Failed to fetch Firebase Project from Studio Workspace because WORKSPACE_SLUG environment variable is empty
[debug] [2025-12-30T15:22:00.762Z] > command requires scopes: ["email","openid","https://www.googleapis.com/auth/cloudplatformprojects.readonly","https://www.googleapis.com/auth/firebase","https://www.googleapis.com/auth/cloud-platform","https://www.googleapis.com/auth/userinfo.email"]
[debug] [2025-12-30T15:22:00.762Z] > authorizing via signed-in user (degraff.tim@gmail.com)
[error] Failed to fetch Firebase Project from Studio Workspace because WORKSPACE_SLUG environment variable is empty
[error] Failed to fetch Firebase Project from Studio Workspace because WORKSPACE_SLUG environment variable is empty
[error] Failed to fetch Firebase Project from Studio Workspace because WORKSPACE_SLUG environment variable is empty
[debug] [2025-12-30T15:22:00.779Z] > command requires scopes: ["email","openid","https://www.googleapis.com/auth/cloudplatformprojects.readonly","https://www.googleapis.com/auth/firebase","https://www.googleapis.com/auth/cloud-platform","https://www.googleapis.com/auth/userinfo.email"]
[debug] [2025-12-30T15:22:00.779Z] > authorizing via signed-in user (degraff.tim@gmail.com)
[error] Failed to fetch Firebase Project from Studio Workspace because WORKSPACE_SLUG environment variable is empty
[debug] [2025-12-30T15:22:00.784Z] > command requires scopes: ["email","openid","https://www.googleapis.com/auth/cloudplatformprojects.readonly","https://www.googleapis.com/auth/firebase","https://www.googleapis.com/auth/cloud-platform","https://www.googleapis.com/auth/userinfo.email"]
[debug] [2025-12-30T15:22:00.786Z] > authorizing via signed-in user (degraff.tim@gmail.com)
[error] Failed to fetch Firebase Project from Studio Workspace because WORKSPACE_SLUG environment variable is empty
[error] Failed to fetch Firebase Project from Studio Workspace because WORKSPACE_SLUG environment variable is empty
[error] Failed to fetch Firebase Project from Studio Workspace because WORKSPACE_SLUG environment variable is empty
[debug] [2025-12-30T15:22:00.799Z] > command requires scopes: ["email","openid","https://www.googleapis.com/auth/cloudplatformprojects.readonly","https://www.googleapis.com/auth/firebase","https://www.googleapis.com/auth/cloud-platform","https://www.googleapis.com/auth/userinfo.email"]
[debug] [2025-12-30T15:22:00.799Z] > authorizing via signed-in user (degraff.tim@gmail.com)
[error] Failed to fetch Firebase Project from Studio Workspace because WORKSPACE_SLUG environment variable is empty
[debug] [2025-12-30T15:22:00.801Z] > command requires scopes: ["email","openid","https://www.googleapis.com/auth/cloudplatformprojects.readonly","https://www.googleapis.com/auth/firebase","https://www.googleapis.com/auth/cloud-platform","https://www.googleapis.com/auth/userinfo.email"]
[debug] [2025-12-30T15:22:00.801Z] > authorizing via signed-in user (degraff.tim@gmail.com)
[error] Failed to fetch Firebase Project from Studio Workspace because WORKSPACE_SLUG environment variable is empty
[error] Failed to fetch Firebase Project from Studio Workspace because WORKSPACE_SLUG environment variable is empty
[debug] [2025-12-30T15:29:21.306Z] > command requires scopes: ["email","openid","https://www.googleapis.com/auth/cloudplatformprojects.readonly","https://www.googleapis.com/auth/firebase","https://www.googleapis.com/auth/cloud-platform","https://www.googleapis.com/auth/userinfo.email"]
[debug] [2025-12-30T15:29:21.306Z] > authorizing via signed-in user (degraff.tim@gmail.com)
[error] Failed to fetch Firebase Project from Studio Workspace because WORKSPACE_SLUG environment variable is empty
[error] Failed to fetch Firebase Project from Studio Workspace because WORKSPACE_SLUG environment variable is empty
[debug] [2025-12-30T15:29:21.332Z] > command requires scopes: ["email","openid","https://www.googleapis.com/auth/cloudplatformprojects.readonly","https://www.googleapis.com/auth/firebase","https://www.googleapis.com/auth/cloud-platform","https://www.googleapis.com/auth/userinfo.email"]
[debug] [2025-12-30T15:29:21.333Z] > authorizing via signed-in user (degraff.tim@gmail.com)
[debug] [2025-12-30T15:29:21.343Z] No OAuth tokens found
[debug] [2025-12-30T15:29:21.351Z] >>> [apiv2][query] GET https://firebase.googleapis.com/v1beta1/projects pageSize=1000
[debug] [2025-12-30T15:29:21.929Z] <<< [apiv2][status] GET https://firebase.googleapis.com/v1beta1/projects 200
[debug] [2025-12-30T15:29:21.931Z] <<< [apiv2][body] GET https://firebase.googleapis.com/v1beta1/projects [omitted]
[error] Failed to fetch Firebase Project from Studio Workspace because WORKSPACE_SLUG environment variable is empty
[error] Failed to fetch Firebase Project from Studio Workspace because WORKSPACE_SLUG environment variable is empty
[debug] [2025-12-30T15:31:05.082Z] > command requires scopes: ["email","openid","https://www.googleapis.com/auth/cloudplatformprojects.readonly","https://www.googleapis.com/auth/firebase","https://www.googleapis.com/auth/cloud-platform","https://www.googleapis.com/auth/userinfo.email"]
[debug] [2025-12-30T15:31:05.083Z] > authorizing via signed-in user (degraff.tim@gmail.com)
[error] Failed to fetch Firebase Project from Studio Workspace because WORKSPACE_SLUG environment variable is empty
[error] Failed to fetch Firebase Project from Studio Workspace because WORKSPACE_SLUG environment variable is empty
[debug] [2025-12-30T15:31:05.111Z] > command requires scopes: ["email","openid","https://www.googleapis.com/auth/cloudplatformprojects.readonly","https://www.googleapis.com/auth/firebase","https://www.googleapis.com/auth/cloud-platform","https://www.googleapis.com/auth/userinfo.email"]
[debug] [2025-12-30T15:31:05.111Z] > authorizing via signed-in user (degraff.tim@gmail.com)
[debug] [2025-12-30T15:31:05.118Z] No OAuth tokens found
[debug] [2025-12-30T15:31:05.119Z] >>> [apiv2][query] GET https://serviceusage.googleapis.com/v1/projects/investment-calculator-931f2/services/cloudresourcemanager.googleapis.com [none]
[debug] [2025-12-30T15:31:05.119Z] >>> [apiv2][(partial)header] GET https://serviceusage.googleapis.com/v1/projects/investment-calculator-931f2/services/cloudresourcemanager.googleapis.com x-goog-quota-user=projects/investment-calculator-931f2
[debug] [2025-12-30T15:31:05.444Z] <<< [apiv2][status] GET https://serviceusage.googleapis.com/v1/projects/investment-calculator-931f2/services/cloudresourcemanager.googleapis.com 200
[debug] [2025-12-30T15:31:05.444Z] <<< [apiv2][body] GET https://serviceusage.googleapis.com/v1/projects/investment-calculator-931f2/services/cloudresourcemanager.googleapis.com [omitted]
[debug] [2025-12-30T15:31:05.458Z] No OAuth tokens found
[debug] [2025-12-30T15:31:05.459Z] >>> [apiv2][query] GET https://cloudresourcemanager.googleapis.com/v1/projects/investment-calculator-931f2 [none]
[debug] [2025-12-30T15:31:05.606Z] <<< [apiv2][status] GET https://cloudresourcemanager.googleapis.com/v1/projects/investment-calculator-931f2 200
[debug] [2025-12-30T15:31:05.606Z] <<< [apiv2][body] GET https://cloudresourcemanager.googleapis.com/v1/projects/investment-calculator-931f2 {"projectNumber":"943895110805","projectId":"investment-calculator-931f2","lifecycleState":"ACTIVE","name":"Investment Calculator","labels":{"firebase":"enabled","firebase-core":"disabled"},"createTime":"2025-06-09T20:11:04.644700Z"}
[info] Updating Studio Workspace active project to match Firebase CLI 'investment-calculator-931f2'
[error] Failed to update Firebase Project for Studio Workspace because WORKSPACE_SLUG environment variable is empty
[info] Now using project investment-calculator-931f2
[error] Failed to fetch Firebase Project from Studio Workspace because WORKSPACE_SLUG environment variable is empty
[error] Failed to fetch Firebase Project from Studio Workspace because WORKSPACE_SLUG environment variable is empty
[debug] [2025-12-30T16:12:52.873Z] > command requires scopes: ["email","openid","https://www.googleapis.com/auth/cloudplatformprojects.readonly","https://www.googleapis.com/auth/firebase","https://www.googleapis.com/auth/cloud-platform","https://www.googleapis.com/auth/userinfo.email"]
[debug] [2025-12-30T16:12:52.874Z] > authorizing via signed-in user (degraff.tim@gmail.com)
[debug] [2025-12-30T16:12:52.882Z] No OAuth tokens found
[debug] [2025-12-30T16:12:52.883Z] >>> [apiv2][query] GET https://cloudbilling.googleapis.com/v1/projects/investment-calculator-931f2/billingInfo [none]
[debug] [2025-12-30T16:12:53.195Z] <<< [apiv2][status] GET https://cloudbilling.googleapis.com/v1/projects/investment-calculator-931f2/billingInfo 200
[debug] [2025-12-30T16:12:53.196Z] <<< [apiv2][body] GET https://cloudbilling.googleapis.com/v1/projects/investment-calculator-931f2/billingInfo {"name":"projects/investment-calculator-931f2/billingInfo","projectId":"investment-calculator-931f2","billingAccountName":"","billingEnabled":false}
[error] Failed to fetch Firebase Project from Studio Workspace because WORKSPACE_SLUG environment variable is empty
[error] Failed to fetch Firebase Project from Studio Workspace because WORKSPACE_SLUG environment variable is empty
[debug] [2025-12-30T16:12:53.207Z] > command requires scopes: ["email","openid","https://www.googleapis.com/auth/cloudplatformprojects.readonly","https://www.googleapis.com/auth/firebase","https://www.googleapis.com/auth/cloud-platform","https://www.googleapis.com/auth/userinfo.email"]
[debug] [2025-12-30T16:12:53.207Z] > authorizing via signed-in user (degraff.tim@gmail.com)
[debug] [2025-12-30T16:12:53.208Z] No OAuth tokens found
[debug] [2025-12-30T16:12:53.214Z] >>> [apiv2][query] GET https://cloudbilling.googleapis.com/v1/projects/investment-calculator-931f2/billingInfo [none]
[debug] [2025-12-30T16:12:53.372Z] <<< [apiv2][status] GET https://cloudbilling.googleapis.com/v1/projects/investment-calculator-931f2/billingInfo 200
[debug] [2025-12-30T16:12:53.372Z] <<< [apiv2][body] GET https://cloudbilling.googleapis.com/v1/projects/investment-calculator-931f2/billingInfo {"name":"projects/investment-calculator-931f2/billingInfo","projectId":"investment-calculator-931f2","billingAccountName":"","billingEnabled":false}
[debug] [2025-12-30T16:12:53.376Z] No OAuth tokens found
[debug] [2025-12-30T16:12:53.377Z] >>> [apiv2][query] GET https://cloudresourcemanager.googleapis.com/v1/projects/investment-calculator-931f2 [none]
[debug] [2025-12-30T16:12:53.569Z] <<< [apiv2][status] GET https://cloudresourcemanager.googleapis.com/v1/projects/investment-calculator-931f2 200
[debug] [2025-12-30T16:12:53.569Z] <<< [apiv2][body] GET https://cloudresourcemanager.googleapis.com/v1/projects/investment-calculator-931f2 {"projectNumber":"943895110805","projectId":"investment-calculator-931f2","lifecycleState":"ACTIVE","name":"Investment Calculator","labels":{"firebase":"enabled","firebase-core":"disabled"},"createTime":"2025-06-09T20:11:04.644700Z"}
[error] Failed to fetch Firebase Project from Studio Workspace because WORKSPACE_SLUG environment variable is empty
[error] Failed to fetch Firebase Project from Studio Workspace because WORKSPACE_SLUG environment variable is empty
[debug] [2025-12-30T16:13:02.361Z] > command requires scopes: ["email","openid","https://www.googleapis.com/auth/cloudplatformprojects.readonly","https://www.googleapis.com/auth/firebase","https://www.googleapis.com/auth/cloud-platform","https://www.googleapis.com/auth/userinfo.email"]
[debug] [2025-12-30T16:13:02.361Z] > authorizing via signed-in user (degraff.tim@gmail.com)
[debug] [2025-12-30T16:13:02.363Z] No OAuth tokens found
[debug] [2025-12-30T16:13:02.364Z] >>> [apiv2][query] GET https://cloudbilling.googleapis.com/v1/projects/investment-calculator-931f2/billingInfo [none]
[debug] [2025-12-30T16:13:02.564Z] <<< [apiv2][status] GET https://cloudbilling.googleapis.com/v1/projects/investment-calculator-931f2/billingInfo 200
[debug] [2025-12-30T16:13:02.570Z] <<< [apiv2][body] GET https://cloudbilling.googleapis.com/v1/projects/investment-calculator-931f2/billingInfo {"name":"projects/investment-calculator-931f2/billingInfo","projectId":"investment-calculator-931f2","billingAccountName":"","billingEnabled":false}
[error] Failed to fetch Firebase Project from Studio Workspace because WORKSPACE_SLUG environment variable is empty
[error] Failed to fetch Firebase Project from Studio Workspace because WORKSPACE_SLUG environment variable is empty
[debug] [2025-12-30T16:13:02.583Z] > command requires scopes: ["email","openid","https://www.googleapis.com/auth/cloudplatformprojects.readonly","https://www.googleapis.com/auth/firebase","https://www.googleapis.com/auth/cloud-platform","https://www.googleapis.com/auth/userinfo.email"]
[debug] [2025-12-30T16:13:02.584Z] > authorizing via signed-in user (degraff.tim@gmail.com)
[debug] [2025-12-30T16:13:02.594Z] No OAuth tokens found
[debug] [2025-12-30T16:13:02.599Z] >>> [apiv2][query] GET https://cloudbilling.googleapis.com/v1/projects/investment-calculator-931f2/billingInfo [none]
[debug] [2025-12-30T16:13:02.809Z] <<< [apiv2][status] GET https://cloudbilling.googleapis.com/v1/projects/investment-calculator-931f2/billingInfo 200
[debug] [2025-12-30T16:13:02.810Z] <<< [apiv2][body] GET https://cloudbilling.googleapis.com/v1/projects/investment-calculator-931f2/billingInfo {"name":"projects/investment-calculator-931f2/billingInfo","projectId":"investment-calculator-931f2","billingAccountName":"","billingEnabled":false}
[debug] [2025-12-30T16:13:02.820Z] No OAuth tokens found
[debug] [2025-12-30T16:13:02.821Z] >>> [apiv2][query] GET https://firebase.googleapis.com/v1beta1/projects/investment-calculator-931f2/webApps pageSize=100
[debug] [2025-12-30T16:13:03.082Z] <<< [apiv2][status] GET https://firebase.googleapis.com/v1beta1/projects/investment-calculator-931f2/webApps 200
[debug] [2025-12-30T16:13:03.083Z] <<< [apiv2][body] GET https://firebase.googleapis.com/v1beta1/projects/investment-calculator-931f2/webApps {"apps":[{"name":"projects/investment-calculator-931f2/webApps/1:943895110805:web:ba6e1e6177ae31d7af279c","appId":"1:943895110805:web:ba6e1e6177ae31d7af279c","displayName":"Investment Calculator","projectId":"investment-calculator-931f2","webId":"Y2FlNGQ5OTMtZWY2OS00ZjgzLTkyMTktZjYyNzFiNDU0ZjIz","apiKeyId":"8d3f729f-102c-4fdc-9690-816ebcd27985","state":"ACTIVE","expireTime":"1970-01-01T00:00:00Z","etag":"1_2c102269-4fbf-451b-ba4d-9542e1cfaec3"}]}
[debug] [2025-12-30T16:13:03.086Z] No OAuth tokens found
[debug] [2025-12-30T16:13:03.089Z] >>> [apiv2][query] GET https://firebase.googleapis.com/v1beta1/projects/-/webApps/1:943895110805:web:ba6e1e6177ae31d7af279c/config [none]
[debug] [2025-12-30T16:13:03.417Z] <<< [apiv2][status] GET https://firebase.googleapis.com/v1beta1/projects/-/webApps/1:943895110805:web:ba6e1e6177ae31d7af279c/config 200
[debug] [2025-12-30T16:13:03.417Z] <<< [apiv2][body] GET https://firebase.googleapis.com/v1beta1/projects/-/webApps/1:943895110805:web:ba6e1e6177ae31d7af279c/config {"projectId":"investment-calculator-931f2","appId":"1:943895110805:web:ba6e1e6177ae31d7af279c","databaseURL":"https://investment-calculator-931f2-default-rtdb.firebaseio.com","storageBucket":"investment-calculator-931f2.firebasestorage.app","apiKey":"AIzaSyAqvvl6O3-2TLK4-j6ei1WU5SuaMY3HnO4","authDomain":"investment-calculator-931f2.firebaseapp.com","messagingSenderId":"943895110805","measurementId":"G-F0CRPKLS7G","projectNumber":"943895110805","version":"2"}
